<?xml version="1.0" encoding="UTF-8"?>
<!-- Generated by org.testng.reporters.JUnitXMLReporter -->
<testsuite ignored="0" hostname="DESKTOP-M2I8052" failures="0" tests="4" name="Test case" time="30.56" errors="0" timestamp="2021-10-25T16:41:17 IST">
  <testcase classname="dataDrivenFrameWork.BothCorrect" name="loginWithBothCorrect" time="7.448"/>
  <testcase classname="dataDrivenFrameWork.BothInCorrect" name="loginWithBothInCorrect" time="7.54"/>
  <testcase classname="dataDrivenFrameWork.CorrectPassword" name="loginWithCorrectPassword" time="8.376"/>
  <testcase classname="dataDrivenFrameWork.CorrectUserName" name="loginWithCorrectUsername" time="7.108"/>
</testsuite> <!-- Test case -->
