<?xml version="1.0" encoding="UTF-8"?>
<testng-results ignored="0" total="4" passed="4" failed="0" skipped="0">
  <reporter-output>
  </reporter-output>
  <suite started-at="2021-10-25T17:41:49 IST" name="Default suite" finished-at="2021-10-25T17:42:19 IST" duration-ms="29607">
    <groups>
    </groups>
    <test started-at="2021-10-25T17:41:49 IST" name="Default test" finished-at="2021-10-25T17:42:19 IST" duration-ms="29607">
      <class name="dataDrivenFrameWork.BothCorrect">
        <test-method signature="loginWithBothCorrect(java.lang.String,java.lang.String)[pri:0, instance:dataDrivenFrameWork.BothCorrect@2bbf180e]" started-at="2021-10-25T17:41:49 IST" name="loginWithBothCorrect" data-provider="logindata" finished-at="2021-10-25T17:41:58 IST" duration-ms="8456" status="PASS">
          <params>
            <param index="0">
              <value>
                <![CDATA[Admin]]>
              </value>
            </param>
            <param index="1">
              <value>
                <![CDATA[admin123]]>
              </value>
            </param>
          </params>
          <reporter-output>
          </reporter-output>
        </test-method> <!-- loginWithBothCorrect -->
        <test-method signature="loginWithBothCorrect(java.lang.String,java.lang.String)[pri:0, instance:dataDrivenFrameWork.BothCorrect@2bbf180e]" started-at="2021-10-25T17:41:58 IST" name="loginWithBothCorrect" data-provider="logindata" finished-at="2021-10-25T17:42:05 IST" duration-ms="6885" status="PASS">
          <params>
            <param index="0">
              <value>
                <![CDATA[Admin]]>
              </value>
            </param>
            <param index="1">
              <value>
                <![CDATA[admin1232]]>
              </value>
            </param>
          </params>
          <reporter-output>
          </reporter-output>
        </test-method> <!-- loginWithBothCorrect -->
        <test-method signature="loginWithBothCorrect(java.lang.String,java.lang.String)[pri:0, instance:dataDrivenFrameWork.BothCorrect@2bbf180e]" started-at="2021-10-25T17:42:05 IST" name="loginWithBothCorrect" data-provider="logindata" finished-at="2021-10-25T17:42:12 IST" duration-ms="6962" status="PASS">
          <params>
            <param index="0">
              <value>
                <![CDATA[Adminn]]>
              </value>
            </param>
            <param index="1">
              <value>
                <![CDATA[admin123]]>
              </value>
            </param>
          </params>
          <reporter-output>
          </reporter-output>
        </test-method> <!-- loginWithBothCorrect -->
        <test-method signature="loginWithBothCorrect(java.lang.String,java.lang.String)[pri:0, instance:dataDrivenFrameWork.BothCorrect@2bbf180e]" started-at="2021-10-25T17:42:12 IST" name="loginWithBothCorrect" data-provider="logindata" finished-at="2021-10-25T17:42:19 IST" duration-ms="7224" status="PASS">
          <params>
            <param index="0">
              <value>
                <![CDATA[Adminn]]>
              </value>
            </param>
            <param index="1">
              <value>
                <![CDATA[admin1234]]>
              </value>
            </param>
          </params>
          <reporter-output>
          </reporter-output>
        </test-method> <!-- loginWithBothCorrect -->
      </class> <!-- dataDrivenFrameWork.BothCorrect -->
    </test> <!-- Default test -->
  </suite> <!-- Default suite -->
</testng-results>
