<?xml version="1.0" encoding="UTF-8"?>
<!-- Generated by org.testng.reporters.JUnitXMLReporter -->
<testsuite ignored="0" hostname="DESKTOP-M2I8052" failures="0" tests="4" name="Default test" time="29.607" errors="0" timestamp="2021-10-25T17:42:19 IST">
  <testcase classname="dataDrivenFrameWork.BothCorrect" name="loginWithBothCorrect" time="8.456"/>
  <testcase classname="dataDrivenFrameWork.BothCorrect" name="loginWithBothCorrect" time="6.885"/>
  <testcase classname="dataDrivenFrameWork.BothCorrect" name="loginWithBothCorrect" time="6.962"/>
  <testcase classname="dataDrivenFrameWork.BothCorrect" name="loginWithBothCorrect" time="7.224"/>
</testsuite> <!-- Default test -->
